Build started 10/26/2011 4:27:34 PM.
     1>Project "C:\Users\dhearn\Desktop\Icemelt\mdipierro-cyclone-physics-90118a0\build\demo_fracture_vc8.vcxproj" on node 3 (build target(s)).
     1>InitializeBuildStatus:
         Creating "..\tmp\fracture\Debug\demo_fracture.unsuccessfulbuild" because "AlwaysCreate" was specified.
       ClCompile:
         c:\Program Files (x86)\Microsoft Visual Studio 10.0\VC\bin\CL.exe /c /I..\include /Zi /nologo /W3 /WX- /Od /Oy- /D WIN32 /D _DEBUG /D _CONSOLE /D _VC80_UPGRADE=0x0710 /D _MBCS /Gm /EHsc /RTC1 /MTd /GS /fp:precise /Zc:wchar_t /Zc:forScope /Fo"..\tmp\fracture\Debug\\" /Fd"..\tmp\fracture\Debug\vc100.pdb" /Gd /TP /analyze- /errorReport:prompt ..\src\demos\fracture\fracture.cpp ..\src\demos\app.cpp ..\src\demos\timing.cpp
         timing.cpp
         app.cpp
         fracture.cpp
         Generating Code...
         c:\Program Files (x86)\Microsoft Visual Studio 10.0\VC\bin\CL.exe /c /I..\include /Zi /nologo /W3 /WX- /Od /Oy- /D WIN32 /D _DEBUG /D _CONSOLE /D _VC80_UPGRADE=0x0710 /D _MBCS /Gm /EHsc /RTC1 /MTd /GS /fp:precise /Zc:wchar_t /Zc:forScope /Fo"..\tmp\fracture\Debug\main1.obj" /Fd"..\tmp\fracture\Debug\vc100.pdb" /Gd /TP /analyze- /errorReport:prompt ..\src\demos\main.cpp
         main.cpp
       Link:
         c:\Program Files (x86)\Microsoft Visual Studio 10.0\VC\bin\link.exe /ERRORREPORT:PROMPT /OUT:"..\bin\demo_fracture.exe" /INCREMENTAL:NO /NOLOGO /LIBPATH:../lib cyclone_d.lib opengl32.lib glu32.lib glut32.lib winmm.lib kernel32.lib user32.lib gdi32.lib winspool.lib comdlg32.lib advapi32.lib shell32.lib ole32.lib oleaut32.lib uuid.lib odbc32.lib odbccp32.lib /MANIFEST /ManifestFile:"..\tmp\fracture\Debug\demo_fracture.exe.intermediate.manifest" /MANIFESTUAC:"level='asInvoker' uiAccess='false'" /DEBUG /PDB:"..\tmp\fracture\Debug/fracture.pdb" /SUBSYSTEM:CONSOLE /TLBID:1 /DYNAMICBASE /NXCOMPAT /IMPLIB:"..\bin\demo_fracture.lib" /MACHINE:X86 ..\tmp\fracture\Debug\fracture.obj
         ..\tmp\fracture\Debug\app.obj
         ..\tmp\fracture\Debug\timing.obj
         ..\tmp\fracture\Debug\main1.obj
         "C:\Users\dhearn\Desktop\Icemelt\mdipierro-cyclone-physics-90118a0\lib\cyclone_d.lib"
     1>cyclone_d.lib(body.obj) : warning LNK4075: ignoring '/EDITANDCONTINUE' due to '/INCREMENTAL:NO' specification
         demo_fracture_vc8.vcxproj -> C:\Users\dhearn\Desktop\Icemelt\mdipierro-cyclone-physics-90118a0\build\..\bin\demo_fracture.exe
       Manifest:
         C:\Program Files (x86)\Microsoft SDKs\Windows\v7.0A\bin\mt.exe /nologo /verbose /outputresource:"..\bin\demo_fracture.exe;#1" /manifest ..\tmp\fracture\Debug\demo_fracture.exe.intermediate.manifest
       FinalizeBuildStatus:
         Deleting file "..\tmp\fracture\Debug\demo_fracture.unsuccessfulbuild".
         Touching "..\tmp\fracture\Debug\demo_fracture.lastbuildstate".
     1>Done Building Project "C:\Users\dhearn\Desktop\Icemelt\mdipierro-cyclone-physics-90118a0\build\demo_fracture_vc8.vcxproj" (build target(s)).

Build succeeded.

Time Elapsed 00:00:05.07
