Build started 10/2/2011 8:25:51 PM.
Project "C:\Documents and Settings\Candace\Desktop\PHYSICS\mdipierro-cyclone-physics-90118a0\build\demo_bridge_vc8.vcxproj" on node 2 (build target(s)).
InitializeBuildStatus:
  Creating "..\tmp\bridge\Debug\demo_bridge.unsuccessfulbuild" because "AlwaysCreate" was specified.
ClCompile:
  C:\Program Files\Microsoft Visual Studio 10.0\VC\bin\CL.exe /c /I..\include /Zi /nologo /W3 /WX- /Od /Oy- /D WIN32 /D _DEBUG /D _CONSOLE /D _VC80_UPGRADE=0x0710 /D _MBCS /Gm /EHsc /RTC1 /MTd /GS /fp:precise /Zc:wchar_t /Zc:forScope /Fo"..\tmp\bridge\Debug\\" /Fd"..\tmp\bridge\Debug\vc100.pdb" /Gd /TP /analyze- /errorReport:prompt ..\src\demos\bridge\bridge.cpp
  bridge.cpp
  All outputs are up-to-date.
ManifestResourceCompile:
  All outputs are up-to-date.
Link:
  C:\Program Files\Microsoft Visual Studio 10.0\VC\bin\link.exe /ERRORREPORT:PROMPT /OUT:"..\bin\demo_bridge.exe" /INCREMENTAL /NOLOGO /LIBPATH:../lib cyclone_d.lib opengl32.lib glu32.lib glut32.lib winmm.lib kernel32.lib user32.lib gdi32.lib winspool.lib comdlg32.lib advapi32.lib shell32.lib ole32.lib oleaut32.lib uuid.lib odbc32.lib odbccp32.lib /MANIFEST /ManifestFile:"..\tmp\bridge\Debug\demo_bridge.exe.intermediate.manifest" /MANIFESTUAC:"level='asInvoker' uiAccess='false'" /DEBUG /PDB:"..\tmp\bridge\Debug/bridge.pdb" /SUBSYSTEM:CONSOLE /TLBID:1 /DYNAMICBASE /NXCOMPAT /IMPLIB:"..\bin\demo_bridge.lib" /MACHINE:X86 ..\tmp\bridge\Debug\demo_bridge.exe.embed.manifest.res
  ..\tmp\bridge\Debug\bridge.obj
  ..\tmp\bridge\Debug\app.obj
  ..\tmp\bridge\Debug\timing.obj
  ..\tmp\bridge\Debug\main1.obj
  "C:\Documents and Settings\Candace\Desktop\PHYSICS\mdipierro-cyclone-physics-90118a0\lib\cyclone_d.lib"
Manifest:
  C:\Program Files\Microsoft SDKs\Windows\v7.0A\bin\mt.exe /nologo /verbose /out:"..\tmp\bridge\Debug\demo_bridge.exe.embed.manifest" /manifest ..\tmp\bridge\Debug\demo_bridge.exe.intermediate.manifest
  All outputs are up-to-date.
LinkEmbedManifest:
  All outputs are up-to-date.
  demo_bridge_vc8.vcxproj -> C:\Documents and Settings\Candace\Desktop\PHYSICS\mdipierro-cyclone-physics-90118a0\build\..\bin\demo_bridge.exe
FinalizeBuildStatus:
  Deleting file "..\tmp\bridge\Debug\demo_bridge.unsuccessfulbuild".
  Touching "..\tmp\bridge\Debug\demo_bridge.lastbuildstate".
Done Building Project "C:\Documents and Settings\Candace\Desktop\PHYSICS\mdipierro-cyclone-physics-90118a0\build\demo_bridge_vc8.vcxproj" (build target(s)).

Build succeeded.

Time Elapsed 00:00:21.33
