C:\DOCUMENTS AND SETTINGS\CANDACE\DESKTOP\PHYSICS\MDIPIERRO-CYCLONE-PHYSICS-90118A0\BUILD\TMP\DEBUG\BODY.OBJ
C:\Documents and Settings\Candace\Desktop\PHYSICS\mdipierro-cyclone-physics-90118a0\build\tmp\Debug\cl.command.1.tlog
C:\Documents and Settings\Candace\Desktop\PHYSICS\mdipierro-cyclone-physics-90118a0\build\tmp\Debug\CL.read.1.tlog
C:\Documents and Settings\Candace\Desktop\PHYSICS\mdipierro-cyclone-physics-90118a0\build\tmp\Debug\CL.write.1.tlog
C:\DOCUMENTS AND SETTINGS\CANDACE\DESKTOP\PHYSICS\MDIPIERRO-CYCLONE-PHYSICS-90118A0\BUILD\TMP\DEBUG\COLLIDE_COARSE.OBJ
C:\DOCUMENTS AND SETTINGS\CANDACE\DESKTOP\PHYSICS\MDIPIERRO-CYCLONE-PHYSICS-90118A0\BUILD\TMP\DEBUG\COLLIDE_FINE.OBJ
C:\DOCUMENTS AND SETTINGS\CANDACE\DESKTOP\PHYSICS\MDIPIERRO-CYCLONE-PHYSICS-90118A0\BUILD\TMP\DEBUG\CONTACTS.OBJ
C:\DOCUMENTS AND SETTINGS\CANDACE\DESKTOP\PHYSICS\MDIPIERRO-CYCLONE-PHYSICS-90118A0\BUILD\TMP\DEBUG\CORE.OBJ
C:\DOCUMENTS AND SETTINGS\CANDACE\DESKTOP\PHYSICS\MDIPIERRO-CYCLONE-PHYSICS-90118A0\BUILD\TMP\DEBUG\FGEN.OBJ
C:\DOCUMENTS AND SETTINGS\CANDACE\DESKTOP\PHYSICS\MDIPIERRO-CYCLONE-PHYSICS-90118A0\BUILD\TMP\DEBUG\JOINTS.OBJ
C:\Documents and Settings\Candace\Desktop\PHYSICS\mdipierro-cyclone-physics-90118a0\build\tmp\Debug\lib.command.1.tlog
C:\Documents and Settings\Candace\Desktop\PHYSICS\mdipierro-cyclone-physics-90118a0\build\tmp\Debug\Lib-link.read.1.tlog
C:\Documents and Settings\Candace\Desktop\PHYSICS\mdipierro-cyclone-physics-90118a0\build\tmp\Debug\Lib-link.write.1.tlog
C:\DOCUMENTS AND SETTINGS\CANDACE\DESKTOP\PHYSICS\MDIPIERRO-CYCLONE-PHYSICS-90118A0\BUILD\TMP\DEBUG\PARTICLE.OBJ
C:\DOCUMENTS AND SETTINGS\CANDACE\DESKTOP\PHYSICS\MDIPIERRO-CYCLONE-PHYSICS-90118A0\BUILD\TMP\DEBUG\PCONTACTS.OBJ
C:\DOCUMENTS AND SETTINGS\CANDACE\DESKTOP\PHYSICS\MDIPIERRO-CYCLONE-PHYSICS-90118A0\BUILD\TMP\DEBUG\PFGEN.OBJ
C:\DOCUMENTS AND SETTINGS\CANDACE\DESKTOP\PHYSICS\MDIPIERRO-CYCLONE-PHYSICS-90118A0\BUILD\TMP\DEBUG\PLINKS.OBJ
C:\DOCUMENTS AND SETTINGS\CANDACE\DESKTOP\PHYSICS\MDIPIERRO-CYCLONE-PHYSICS-90118A0\BUILD\TMP\DEBUG\PWORLD.OBJ
C:\DOCUMENTS AND SETTINGS\CANDACE\DESKTOP\PHYSICS\MDIPIERRO-CYCLONE-PHYSICS-90118A0\BUILD\TMP\DEBUG\RANDOM.OBJ
C:\Documents and Settings\Candace\Desktop\PHYSICS\mdipierro-cyclone-physics-90118a0\build\tmp\Debug\vc100.idb
C:\DOCUMENTS AND SETTINGS\CANDACE\DESKTOP\PHYSICS\MDIPIERRO-CYCLONE-PHYSICS-90118A0\BUILD\TMP\DEBUG\VC100.PDB
C:\DOCUMENTS AND SETTINGS\CANDACE\DESKTOP\PHYSICS\MDIPIERRO-CYCLONE-PHYSICS-90118A0\BUILD\TMP\DEBUG\WORLD.OBJ
C:\DOCUMENTS AND SETTINGS\CANDACE\DESKTOP\PHYSICS\MDIPIERRO-CYCLONE-PHYSICS-90118A0\LIB\CYCLONE_D.LIB
