Build started 10/26/2011 4:30:38 PM.
     1>Project "C:\Users\dhearn\Desktop\Icemelt\mdipierro-cyclone-physics-90118a0\build\demo_ballistic_vc8.vcxproj" on node 3 (build target(s)).
     1>InitializeBuildStatus:
         Creating "..\tmp\IceMelt\Debug\IceMelt.unsuccessfulbuild" because "AlwaysCreate" was specified.
       ClCompile:
         c:\Program Files (x86)\Microsoft Visual Studio 10.0\VC\bin\CL.exe /c /I..\include /Zi /nologo /W3 /WX- /Od /Oy- /D WIN32 /D _DEBUG /D _CONSOLE /D _VC80_UPGRADE=0x0710 /D _MBCS /Gm /EHsc /RTC1 /MTd /GS /fp:precise /Zc:wchar_t /Zc:forScope /Fo"..\tmp\IceMelt\Debug\\" /Fd"..\tmp\IceMelt\Debug\vc100.pdb" /Gd /TP /analyze- /errorReport:prompt ..\src\demos\app.cpp ..\src\demos\quiz2\quiz2.cpp ..\src\demos\timing.cpp
         timing.cpp
         quiz2.cpp
         app.cpp
         Generating Code...
         c:\Program Files (x86)\Microsoft Visual Studio 10.0\VC\bin\CL.exe /c /I..\include /Zi /nologo /W3 /WX- /Od /Oy- /D WIN32 /D _DEBUG /D _CONSOLE /D _VC80_UPGRADE=0x0710 /D _MBCS /Gm /EHsc /RTC1 /MTd /GS /fp:precise /Zc:wchar_t /Zc:forScope /Fo"..\tmp\IceMelt\Debug\main1.obj" /Fd"..\tmp\IceMelt\Debug\vc100.pdb" /Gd /TP /analyze- /errorReport:prompt ..\src\demos\main.cpp
         main.cpp
       Link:
         c:\Program Files (x86)\Microsoft Visual Studio 10.0\VC\bin\link.exe /ERRORREPORT:PROMPT /OUT:"..\bin\IceMelt.exe" /INCREMENTAL:NO /NOLOGO /LIBPATH:../lib cyclone_d.lib opengl32.lib glu32.lib glut32.lib winmm.lib kernel32.lib user32.lib gdi32.lib winspool.lib comdlg32.lib advapi32.lib shell32.lib ole32.lib oleaut32.lib uuid.lib odbc32.lib odbccp32.lib /MANIFEST /ManifestFile:"..\tmp\IceMelt\Debug\IceMelt.exe.intermediate.manifest" /MANIFESTUAC:"level='asInvoker' uiAccess='false'" /DEBUG /PDB:"..\tmp\IceMelt\Debug/IceMelt.pdb" /SUBSYSTEM:CONSOLE /TLBID:1 /DYNAMICBASE /NXCOMPAT /IMPLIB:"..\bin\IceMelt.lib" /MACHINE:X86 ..\tmp\IceMelt\Debug\app.obj
         ..\tmp\IceMelt\Debug\quiz2.obj
         ..\tmp\IceMelt\Debug\timing.obj
         ..\tmp\IceMelt\Debug\main1.obj
         "C:\Users\dhearn\Desktop\Icemelt\mdipierro-cyclone-physics-90118a0\lib\cyclone_d.lib"
     1>cyclone_d.lib(pworld.obj) : warning LNK4075: ignoring '/EDITANDCONTINUE' due to '/INCREMENTAL:NO' specification
         demo_ballistic_vc8.vcxproj -> C:\Users\dhearn\Desktop\Icemelt\mdipierro-cyclone-physics-90118a0\build\..\bin\IceMelt.exe
       Manifest:
         C:\Program Files (x86)\Microsoft SDKs\Windows\v7.0A\bin\mt.exe /nologo /verbose /outputresource:"..\bin\IceMelt.exe;#1" /manifest ..\tmp\IceMelt\Debug\IceMelt.exe.intermediate.manifest
       CopyFilesToOutputDirectory:
         Copying file from "..\tmp\IceMelt\Debug\IceMelt.pdb" to "..\bin\IceMelt.pdb".
       FinalizeBuildStatus:
         Deleting file "..\tmp\IceMelt\Debug\IceMelt.unsuccessfulbuild".
         Touching "..\tmp\IceMelt\Debug\IceMelt.lastbuildstate".
     1>Done Building Project "C:\Users\dhearn\Desktop\Icemelt\mdipierro-cyclone-physics-90118a0\build\demo_ballistic_vc8.vcxproj" (build target(s)).

Build succeeded.

Time Elapsed 00:00:04.82
