Build started 10/26/2011 4:27:27 PM.
     1>Project "C:\Users\dhearn\Desktop\Icemelt\mdipierro-cyclone-physics-90118a0\build\demo_bigballistic_vc8.vcxproj" on node 4 (build target(s)).
     1>InitializeBuildStatus:
         Creating "..\tmp\bigballistic\Debug\demo_bigballistic.unsuccessfulbuild" because "AlwaysCreate" was specified.
       ClCompile:
         c:\Program Files (x86)\Microsoft Visual Studio 10.0\VC\bin\CL.exe /c /I..\include /Zi /nologo /W3 /WX- /Od /Oy- /D WIN32 /D _DEBUG /D _CONSOLE /D _VC80_UPGRADE=0x0710 /D _MBCS /Gm /EHsc /RTC1 /MTd /GS /fp:precise /Zc:wchar_t /Zc:forScope /Fo"..\tmp\bigballistic\Debug\\" /Fd"..\tmp\bigballistic\Debug\vc100.pdb" /Gd /TP /analyze- /errorReport:prompt ..\src\demos\bigballistic\bigballistic.cpp ..\src\demos\app.cpp ..\src\demos\timing.cpp
         timing.cpp
         app.cpp
         bigballistic.cpp
         Generating Code...
         c:\Program Files (x86)\Microsoft Visual Studio 10.0\VC\bin\CL.exe /c /I..\include /Zi /nologo /W3 /WX- /Od /Oy- /D WIN32 /D _DEBUG /D _CONSOLE /D _VC80_UPGRADE=0x0710 /D _MBCS /Gm /EHsc /RTC1 /MTd /GS /fp:precise /Zc:wchar_t /Zc:forScope /Fo"..\tmp\bigballistic\Debug\main1.obj" /Fd"..\tmp\bigballistic\Debug\vc100.pdb" /Gd /TP /analyze- /errorReport:prompt ..\src\demos\main.cpp
         main.cpp
       Link:
         c:\Program Files (x86)\Microsoft Visual Studio 10.0\VC\bin\link.exe /ERRORREPORT:PROMPT /OUT:"..\bin\demo_bigballistic.exe" /INCREMENTAL:NO /NOLOGO /LIBPATH:../lib cyclone_d.lib opengl32.lib glu32.lib glut32.lib winmm.lib kernel32.lib user32.lib gdi32.lib winspool.lib comdlg32.lib advapi32.lib shell32.lib ole32.lib oleaut32.lib uuid.lib odbc32.lib odbccp32.lib /MANIFEST /ManifestFile:"..\tmp\bigballistic\Debug\demo_bigballistic.exe.intermediate.manifest" /MANIFESTUAC:"level='asInvoker' uiAccess='false'" /DEBUG /PDB:"..\tmp\bigballistic\Debug/bigballistic.pdb" /SUBSYSTEM:CONSOLE /TLBID:1 /DYNAMICBASE /NXCOMPAT /IMPLIB:"..\bin\demo_bigballistic.lib" /MACHINE:X86 ..\tmp\bigballistic\Debug\bigballistic.obj
         ..\tmp\bigballistic\Debug\app.obj
         ..\tmp\bigballistic\Debug\timing.obj
         ..\tmp\bigballistic\Debug\main1.obj
         "C:\Users\dhearn\Desktop\Icemelt\mdipierro-cyclone-physics-90118a0\lib\cyclone_d.lib"
     1>cyclone_d.lib(collide_fine.obj) : warning LNK4075: ignoring '/EDITANDCONTINUE' due to '/INCREMENTAL:NO' specification
         demo_bigballistic_vc8.vcxproj -> C:\Users\dhearn\Desktop\Icemelt\mdipierro-cyclone-physics-90118a0\build\..\bin\demo_bigballistic.exe
       Manifest:
         C:\Program Files (x86)\Microsoft SDKs\Windows\v7.0A\bin\mt.exe /nologo /verbose /outputresource:"..\bin\demo_bigballistic.exe;#1" /manifest ..\tmp\bigballistic\Debug\demo_bigballistic.exe.intermediate.manifest
       FinalizeBuildStatus:
         Deleting file "..\tmp\bigballistic\Debug\demo_bigballistic.unsuccessfulbuild".
         Touching "..\tmp\bigballistic\Debug\demo_bigballistic.lastbuildstate".
     1>Done Building Project "C:\Users\dhearn\Desktop\Icemelt\mdipierro-cyclone-physics-90118a0\build\demo_bigballistic_vc8.vcxproj" (build target(s)).

Build succeeded.

Time Elapsed 00:00:06.57
