Build started 10/26/2011 4:27:33 PM.
     1>Project "C:\Users\dhearn\Desktop\Icemelt\mdipierro-cyclone-physics-90118a0\build\demo_sailboat_vc8.vcxproj" on node 4 (build target(s)).
     1>InitializeBuildStatus:
         Creating "..\tmp\sailboat\Debug\demo_sailboat.unsuccessfulbuild" because "AlwaysCreate" was specified.
       ClCompile:
         c:\Program Files (x86)\Microsoft Visual Studio 10.0\VC\bin\CL.exe /c /I..\include /Zi /nologo /W3 /WX- /Od /Oy- /D WIN32 /D _DEBUG /D _CONSOLE /D _VC80_UPGRADE=0x0710 /D _MBCS /Gm /EHsc /RTC1 /MTd /GS /fp:precise /Zc:wchar_t /Zc:forScope /Fo"..\tmp\sailboat\Debug\\" /Fd"..\tmp\sailboat\Debug\vc100.pdb" /Gd /TP /analyze- /errorReport:prompt ..\src\demos\sailboat\sailboat.cpp ..\src\demos\app.cpp ..\src\demos\timing.cpp
         timing.cpp
         app.cpp
         sailboat.cpp
     1>..\src\demos\sailboat\sailboat.cpp(178): warning C4996: 'sprintf': This function or variable may be unsafe. Consider using sprintf_s instead. To disable deprecation, use _CRT_SECURE_NO_WARNINGS. See online help for details.
                 c:\Program Files (x86)\Microsoft Visual Studio 10.0\VC\include\stdio.h(371) : see declaration of 'sprintf'
     1>..\src\demos\sailboat\sailboat.cpp(186): warning C4996: 'sprintf': This function or variable may be unsafe. Consider using sprintf_s instead. To disable deprecation, use _CRT_SECURE_NO_WARNINGS. See online help for details.
                 c:\Program Files (x86)\Microsoft Visual Studio 10.0\VC\include\stdio.h(371) : see declaration of 'sprintf'
         Generating Code...
         c:\Program Files (x86)\Microsoft Visual Studio 10.0\VC\bin\CL.exe /c /I..\include /Zi /nologo /W3 /WX- /Od /Oy- /D WIN32 /D _DEBUG /D _CONSOLE /D _VC80_UPGRADE=0x0710 /D _MBCS /Gm /EHsc /RTC1 /MTd /GS /fp:precise /Zc:wchar_t /Zc:forScope /Fo"..\tmp\sailboat\Debug\main1.obj" /Fd"..\tmp\sailboat\Debug\vc100.pdb" /Gd /TP /analyze- /errorReport:prompt ..\src\demos\main.cpp
         main.cpp
       ManifestResourceCompile:
         C:\Program Files (x86)\Microsoft SDKs\Windows\v7.0A\bin\rc.exe /nologo /fo"..\tmp\sailboat\Debug\demo_sailboat.exe.embed.manifest.res" ..\tmp\sailboat\Debug\demo_sailboat_manifest.rc 
       Link:
         c:\Program Files (x86)\Microsoft Visual Studio 10.0\VC\bin\link.exe /ERRORREPORT:PROMPT /OUT:"..\bin\demo_sailboat.exe" /INCREMENTAL /NOLOGO /LIBPATH:../lib cyclone_d.lib opengl32.lib glu32.lib glut32.lib winmm.lib kernel32.lib user32.lib gdi32.lib winspool.lib comdlg32.lib advapi32.lib shell32.lib ole32.lib oleaut32.lib uuid.lib odbc32.lib odbccp32.lib /MANIFEST /ManifestFile:"..\tmp\sailboat\Debug\demo_sailboat.exe.intermediate.manifest" /MANIFESTUAC:"level='asInvoker' uiAccess='false'" /DEBUG /PDB:"..\tmp\sailboat\Debug/sailboat.pdb" /SUBSYSTEM:CONSOLE /TLBID:1 /DYNAMICBASE /NXCOMPAT /IMPLIB:"..\bin\demo_sailboat.lib" /MACHINE:X86 ..\tmp\sailboat\Debug\demo_sailboat.exe.embed.manifest.res
         ..\tmp\sailboat\Debug\sailboat.obj
         ..\tmp\sailboat\Debug\app.obj
         ..\tmp\sailboat\Debug\timing.obj
         ..\tmp\sailboat\Debug\main1.obj
         "C:\Users\dhearn\Desktop\Icemelt\mdipierro-cyclone-physics-90118a0\lib\cyclone_d.lib"
       Manifest:
         C:\Program Files (x86)\Microsoft SDKs\Windows\v7.0A\bin\mt.exe /nologo /verbose /out:"..\tmp\sailboat\Debug\demo_sailboat.exe.embed.manifest" /manifest ..\tmp\sailboat\Debug\demo_sailboat.exe.intermediate.manifest
         C:\Program Files (x86)\Microsoft SDKs\Windows\v7.0A\bin\rc.exe /nologo /fo"..\tmp\sailboat\Debug\demo_sailboat.exe.embed.manifest.res" ..\tmp\sailboat\Debug\demo_sailboat_manifest.rc 
       LinkEmbedManifest:
         c:\Program Files (x86)\Microsoft Visual Studio 10.0\VC\bin\link.exe /ERRORREPORT:PROMPT /OUT:"..\bin\demo_sailboat.exe" /INCREMENTAL /NOLOGO /LIBPATH:../lib cyclone_d.lib opengl32.lib glu32.lib glut32.lib winmm.lib kernel32.lib user32.lib gdi32.lib winspool.lib comdlg32.lib advapi32.lib shell32.lib ole32.lib oleaut32.lib uuid.lib odbc32.lib odbccp32.lib /MANIFEST /ManifestFile:"..\tmp\sailboat\Debug\demo_sailboat.exe.intermediate.manifest" /MANIFESTUAC:"level='asInvoker' uiAccess='false'" /DEBUG /PDB:"..\tmp\sailboat\Debug/sailboat.pdb" /SUBSYSTEM:CONSOLE /TLBID:1 /DYNAMICBASE /NXCOMPAT /IMPLIB:"..\bin\demo_sailboat.lib" /MACHINE:X86 ..\tmp\sailboat\Debug\demo_sailboat.exe.embed.manifest.res
         ..\tmp\sailboat\Debug\sailboat.obj
         ..\tmp\sailboat\Debug\app.obj
         ..\tmp\sailboat\Debug\timing.obj
         ..\tmp\sailboat\Debug\main1.obj
         "C:\Users\dhearn\Desktop\Icemelt\mdipierro-cyclone-physics-90118a0\lib\cyclone_d.lib"
         demo_sailboat_vc8.vcxproj -> C:\Users\dhearn\Desktop\Icemelt\mdipierro-cyclone-physics-90118a0\build\..\bin\demo_sailboat.exe
       FinalizeBuildStatus:
         Deleting file "..\tmp\sailboat\Debug\demo_sailboat.unsuccessfulbuild".
         Touching "..\tmp\sailboat\Debug\demo_sailboat.lastbuildstate".
     1>Done Building Project "C:\Users\dhearn\Desktop\Icemelt\mdipierro-cyclone-physics-90118a0\build\demo_sailboat_vc8.vcxproj" (build target(s)).

Build succeeded.

Time Elapsed 00:00:06.31
